2020-04-05  19:40:24-main[ mainid]  INFO  utils.Driver:17 - utils.Driver--------------Initialise Driver--------------
			2020-04-05  19:40:24-main[ mainid]  INFO  utils.DriverFactory:20 - class java.lang.Class--------------Initialise Driver----------------
			2020-04-05  19:40:54-main[ mainid]  INFO  pages.Tshirts:33 - utils.DriverUser Successfully Logged In myStore 
			2020-04-05  19:41:00-main[ mainid]  INFO  pages.SelectTshirt:44 - Selected T-shirt color is Blue
			2020-04-05  19:41:07-main[ mainid]  INFO  utils.Driver:33 - utils.Driver------------Close Driver--------------
			2020-04-05  19:41:08-main[ mainid]  INFO  utils.DriverFactory:41 - ---------------Driver Closed--------------
			2020-04-05  19:41:08-main[ mainid]  INFO  utils.Driver:17 - utils.Driver--------------Initialise Driver--------------
			2020-04-05  19:41:08-main[ mainid]  INFO  utils.DriverFactory:20 - class java.lang.Class--------------Initialise Driver----------------
			2020-04-05  19:41:26-main[ mainid]  INFO  pages.Tshirts:33 - utils.DriverUser Successfully Logged In myStore 
			2020-04-05  19:41:26-main[ mainid]  INFO  pages.Tshirts:33 - utils.DriverUser Successfully Logged In myStore 
			2020-04-05  19:41:29-main[ mainid]  INFO  pages.PersonalInfoPage:54 - Updated information is verified
			2020-04-05  19:41:29-main[ mainid]  INFO  utils.Driver:33 - utils.Driver------------Close Driver--------------
			2020-04-05  19:41:30-main[ mainid]  INFO  utils.DriverFactory:41 - ---------------Driver Closed--------------
			2020-04-05  19:49:11-main[ mainid]  INFO  utils.Driver:17 - utils.Driver--------------Initialise Driver--------------
			2020-04-05  19:49:11-main[ mainid]  INFO  utils.DriverFactory:20 - class java.lang.Class--------------Initialise Driver----------------
			2020-04-05  19:49:42-main[ mainid]  INFO  pages.Tshirts:33 - utils.DriverUser Successfully Logged In myStore 
			2020-04-05  19:49:48-main[ mainid]  INFO  pages.SelectTshirt:44 - Selected T-shirt color is Blue
			2020-04-05  19:50:03-main[ mainid]  INFO  utils.Driver:33 - utils.Driver------------Close Driver--------------
			2020-04-05  19:50:04-main[ mainid]  INFO  utils.DriverFactory:41 - ---------------Driver Closed--------------
			2020-04-05  19:50:04-main[ mainid]  INFO  utils.Driver:17 - utils.Driver--------------Initialise Driver--------------
			2020-04-05  19:50:04-main[ mainid]  INFO  utils.DriverFactory:20 - class java.lang.Class--------------Initialise Driver----------------
			2020-04-05  19:54:21-main[ mainid]  INFO  utils.Driver:17 - utils.Driver--------------Initialise Driver--------------
			2020-04-05  19:54:21-main[ mainid]  INFO  utils.DriverFactory:20 - class java.lang.Class--------------Initialise Driver----------------
			2020-04-05  19:55:36-main[ mainid]  INFO  pages.Tshirts:33 - utils.DriverUser Successfully Logged In myStore 
			2020-04-05  19:55:55-main[ mainid]  INFO  pages.SelectTshirt:44 - Selected T-shirt color is Blue
			2020-04-05  19:56:14-main[ mainid]  INFO  pages.BackToMyOrder:38 - Your order on My Store is successfully placed with Order reference: FASQERAKB
			2020-04-05  19:56:14-main[ mainid]  INFO  utils.Driver:33 - utils.Driver------------Close Driver--------------
			2020-04-05  19:56:15-main[ mainid]  INFO  utils.DriverFactory:41 - ---------------Driver Closed--------------
			2020-04-05  19:56:15-main[ mainid]  INFO  utils.Driver:17 - utils.Driver--------------Initialise Driver--------------
			2020-04-05  19:56:15-main[ mainid]  INFO  utils.DriverFactory:20 - class java.lang.Class--------------Initialise Driver----------------
			2020-04-05  19:59:19-main[ mainid]  INFO  utils.Driver:17 - utils.Driver--------------Initialise Driver--------------
			2020-04-05  19:59:19-main[ mainid]  INFO  utils.DriverFactory:20 - class java.lang.Class--------------Initialise Driver----------------
			2020-04-05  19:59:53-main[ mainid]  INFO  pages.Tshirts:33 - utils.DriverUser Successfully Logged In myStore 
			2020-04-05  20:00:00-main[ mainid]  INFO  pages.SelectTshirt:44 - Selected T-shirt color is Blue
			2020-04-05  20:00:19-main[ mainid]  INFO  pages.BackToMyOrder:38 - Your order on My Store is successfully placed with Order reference: WWDNPSPYG
			2020-04-05  20:00:19-main[ mainid]  INFO  utils.Driver:33 - utils.Driver------------Close Driver--------------
			2020-04-05  20:00:19-main[ mainid]  INFO  utils.DriverFactory:41 - ---------------Driver Closed--------------
			2020-04-05  20:00:19-main[ mainid]  INFO  utils.Driver:17 - utils.Driver--------------Initialise Driver--------------
			2020-04-05  20:00:19-main[ mainid]  INFO  utils.DriverFactory:20 - class java.lang.Class--------------Initialise Driver----------------
			2020-04-05  20:00:42-main[ mainid]  INFO  pages.Tshirts:33 - utils.DriverUser Successfully Logged In myStore 
			2020-04-05  20:00:42-main[ mainid]  INFO  pages.Tshirts:33 - utils.DriverUser Successfully Logged In myStore 
			2020-04-05  20:00:46-main[ mainid]  INFO  pages.PersonalInfoPage:54 - Updated information is verified
			2020-04-05  20:00:46-main[ mainid]  INFO  utils.Driver:33 - utils.Driver------------Close Driver--------------
			2020-04-05  20:00:47-main[ mainid]  INFO  utils.DriverFactory:41 - ---------------Driver Closed--------------
			